2025-06-15 08:27:00 | INFO | repo=system-int | action=commit
2025-02-03 18:45:00 | INFO | repo=system-int | action=pull
2025-10-04 19:20:00 | DEBUG | repo=system-int | action=commit
2025-06-15 07:02:00 | DEBUG | repo=system-int | action=commit
2025-05-01 21:09:00 | DEBUG | repo=system-int | action=commit
2025-09-04 19:43:00 | DEBUG | repo=system-int | action=commit
2025-08-09 07:07:00 | DEBUG | repo=system-int | action=test | passed=true
2025-09-20 08:06:00 | INFO | repo=system-int | action=commit
2025-04-19 09:28:00 | DEBUG | repo=system-int | action=commit
2025-05-24 20:02:00 | DEBUG | repo=system-int | action=commit
2025-04-12 13:44:00 | DEBUG | repo=system-int | action=commit
2025-10-05 08:26:00 | DEBUG | repo=system-int | action=commit
2025-01-07 09:18:00 | DEBUG | repo=system-int | action=commit
2025-02-15 20:57:00 | DEBUG | repo=system-int | action=edit | files=1
2025-04-21 21:14:00 | DEBUG | repo=system-int | action=commit
2025-09-04 14:23:00 | DEBUG | repo=system-int | action=commit
2025-05-15 07:37:00 | WARN | repo=system-int | action=commit
2025-01-24 07:48:00 | WARN | repo=system-int | action=test | passed=true
2025-08-21 07:28:00 | WARN | repo=system-int | action=commit
2025-11-10 07:42:00 | DEBUG | repo=system-int | action=commit
2025-05-03 10:15:00 | INFO | repo=system-int | action=pull
2025-07-20 16:30:00 | INFO | repo=system-int | action=commit
2025-02-09 18:37:00 | DEBUG | repo=system-int | action=commit
2025-06-14 14:49:00 | DEBUG | repo=system-int | action=commit
2025-07-06 07:18:00 | WARN | repo=system-int | action=commit
2025-07-13 12:12:00 | WARN | repo=system-int | action=commit
2025-02-21 09:26:00 | INFO | repo=system-int | action=test | passed=true
2025-07-17 08:07:00 | WARN | repo=system-int | action=commit
2025-11-20 13:06:00 | INFO | repo=system-int | action=commit
2025-10-03 09:36:00 | DEBUG | repo=system-int | action=commit
2025-02-27 14:55:00 | INFO | repo=system-int | action=pull
2025-08-11 15:24:00 | DEBUG | repo=system-int | action=commit
2025-01-06 13:54:00 | DEBUG | repo=system-int | action=commit
2025-12-26 12:46:00 | INFO | repo=system-int | action=edit | files=5
2025-12-12 20:23:00 | WARN | repo=system-int | action=pull
2025-03-04 11:32:00 | WARN | repo=system-int | action=commit
2025-06-06 07:16:00 | WARN | repo=system-int | action=commit
2025-04-15 08:17:00 | WARN | repo=system-int | action=pull
2025-10-23 14:46:00 | DEBUG | repo=system-int | action=commit
2025-08-01 20:48:00 | DEBUG | repo=system-int | action=commit
2025-12-14 19:30:00 | WARN | repo=system-int | action=pull
2025-08-24 09:05:00 | WARN | repo=system-int | action=commit
2025-04-13 16:49:00 | WARN | repo=system-int | action=commit
2025-05-21 16:41:00 | WARN | repo=system-int | action=commit
2025-10-02 11:26:00 | INFO | repo=system-int | action=commit
2025-04-19 19:53:00 | DEBUG | repo=system-int | action=commit
2025-08-25 14:54:00 | DEBUG | repo=system-int | action=commit
2025-06-13 11:51:00 | INFO | repo=system-int | action=commit
2025-06-22 17:03:00 | INFO | repo=system-int | action=pull
2025-04-18 12:08:00 | WARN | repo=system-int | action=commit
2025-12-28 08:44:00 | DEBUG | repo=system-int | action=commit
2025-07-01 10:05:00 | INFO | repo=system-int | action=commit
2025-08-26 20:02:00 | WARN | repo=system-int | action=commit
2025-05-11 15:20:00 | DEBUG | repo=system-int | action=pull
2025-12-18 16:06:00 | INFO | repo=system-int | action=edit | files=5
2025-08-28 17:37:00 | DEBUG | repo=system-int | action=commit
2025-05-18 14:37:00 | INFO | repo=system-int | action=commit
2025-10-18 10:13:00 | DEBUG | repo=system-int | action=commit
2025-11-28 09:36:00 | DEBUG | repo=system-int | action=pull
2025-01-19 14:55:00 | DEBUG | repo=system-int | action=commit
2025-02-24 15:08:00 | DEBUG | repo=system-int | action=commit
2025-06-15 15:19:00 | INFO | repo=system-int | action=commit
2025-01-26 11:44:00 | INFO | repo=system-int | action=commit
2025-07-13 21:21:00 | WARN | repo=system-int | action=commit
2025-06-08 09:42:00 | DEBUG | repo=system-int | action=commit
2025-03-21 14:37:00 | INFO | repo=system-int | action=commit
2025-12-21 17:20:00 | DEBUG | repo=system-int | action=commit
2025-07-14 21:23:00 | INFO | repo=system-int | action=pull
2025-05-01 13:33:00 | INFO | repo=system-int | action=commit
2025-04-05 13:45:00 | INFO | repo=system-int | action=commit
2025-11-10 12:15:00 | WARN | repo=system-int | action=edit | files=1
2025-02-23 13:56:00 | WARN | repo=system-int | action=test | passed=true
2025-04-26 08:23:00 | INFO | repo=system-int | action=test | passed=true
2025-06-11 20:01:00 | WARN | repo=system-int | action=commit
2025-11-12 08:24:00 | INFO | repo=system-int | action=test | passed=true
2025-01-21 16:08:00 | DEBUG | repo=system-int | action=test | passed=true
2025-02-27 20:07:00 | DEBUG | repo=system-int | action=commit
2025-06-14 11:18:00 | INFO | repo=system-int | action=commit
2025-10-26 18:33:00 | INFO | repo=system-int | action=test | passed=true
2025-12-15 11:08:00 | WARN | repo=system-int | action=edit | files=4
2025-09-01 19:22:00 | DEBUG | repo=system-int | action=commit
2025-06-03 18:32:00 | WARN | repo=system-int | action=commit
2025-02-25 10:58:00 | WARN | repo=system-int | action=commit
2025-04-11 19:34:00 | WARN | repo=system-int | action=test | passed=true
2025-11-22 10:03:00 | DEBUG | repo=system-int | action=commit
2025-09-21 11:45:00 | INFO | repo=system-int | action=pull
2025-11-04 19:46:00 | WARN | repo=system-int | action=edit | files=2
2025-06-18 14:43:00 | INFO | repo=system-int | action=commit
2025-09-05 13:55:00 | INFO | repo=system-int | action=commit
2025-10-15 19:29:00 | INFO | repo=system-int | action=commit
2025-08-28 16:46:00 | WARN | repo=system-int | action=pull
2025-04-04 12:53:00 | INFO | repo=system-int | action=test | passed=true
2025-07-16 09:18:00 | INFO | repo=system-int | action=commit
2025-05-18 20:09:00 | INFO | repo=system-int | action=commit
2025-08-04 11:27:00 | WARN | repo=system-int | action=test | passed=true
2025-08-01 16:06:00 | DEBUG | repo=system-int | action=commit
2025-07-28 18:38:00 | INFO | repo=system-int | action=edit | files=5
2025-10-09 12:21:00 | DEBUG | repo=system-int | action=commit
2025-11-05 20:39:00 | DEBUG | repo=system-int | action=commit
2025-08-16 21:54:00 | INFO | repo=system-int | action=commit
2025-05-01 20:30:00 | DEBUG | repo=system-int | action=pull
2025-06-19 17:49:00 | DEBUG | repo=system-int | action=commit
2025-05-13 10:55:00 | INFO | repo=system-int | action=commit
2025-02-04 20:04:00 | WARN | repo=system-int | action=commit
2025-04-24 20:53:00 | INFO | repo=system-int | action=commit
2025-09-27 07:28:00 | INFO | repo=system-int | action=commit
2025-04-12 15:01:00 | INFO | repo=system-int | action=commit
2025-09-17 07:19:00 | WARN | repo=system-int | action=edit | files=5
2025-03-22 16:23:00 | INFO | repo=system-int | action=commit
2025-06-25 20:00:00 | INFO | repo=system-int | action=commit
2025-05-19 19:44:00 | INFO | repo=system-int | action=edit | files=2
2025-06-26 13:55:00 | WARN | repo=system-int | action=test | passed=true
2025-10-06 18:07:00 | INFO | repo=system-int | action=commit
2025-06-05 18:23:00 | DEBUG | repo=system-int | action=commit
2025-11-03 11:18:00 | DEBUG | repo=system-int | action=test | passed=true
2025-08-06 20:38:00 | INFO | repo=system-int | action=commit
2025-06-06 09:07:00 | INFO | repo=system-int | action=commit
2025-12-28 16:54:00 | DEBUG | repo=system-int | action=commit
2025-12-14 14:12:00 | DEBUG | repo=system-int | action=commit
2025-06-24 08:17:00 | DEBUG | repo=system-int | action=commit
2025-12-12 07:57:00 | INFO | repo=system-int | action=commit
2025-05-25 20:37:00 | INFO | repo=system-int | action=commit
2025-12-02 19:46:00 | WARN | repo=system-int | action=commit
2025-04-27 15:16:00 | DEBUG | repo=system-int | action=commit
2025-09-25 09:51:00 | WARN | repo=system-int | action=commit
2025-02-11 07:10:00 | WARN | repo=system-int | action=commit
2025-10-14 13:49:00 | DEBUG | repo=system-int | action=commit
2025-06-09 14:58:00 | WARN | repo=system-int | action=commit
2025-03-05 21:46:00 | WARN | repo=system-int | action=pull
2025-08-26 07:39:00 | DEBUG | repo=system-int | action=commit
